[debug] > Exec(publish, None, None)
[debug] Evaluating tasks: publish
[debug] Running task... Cancel: Signal, check cycles: false, forcegc: true
[info] Wrote D:\rito\desktop\Develop\RomajiToHiraganaConvertion\target\scala-2.13\romajitohiraganaconvertion_2.13-1.0.0.pom
[info] Main Scala API documentation to D:\rito\desktop\Develop\RomajiToHiraganaConvertion\target\scala-2.13\api...
[info] Main Scala API documentation successful.
[warn] versionScheme setting is empty; set `ThisBuild / versionScheme := Some("early-semver")`, `Some("semver-spec")` or `Some("pvp")`
[warn] so tooling can use it for eviction errors etc - https://www.scala-sbt.org/1.x/docs/Publishing.html
[error] java.lang.RuntimeException: Repository for publishing is not specified.
[error] 	at scala.sys.package$.error(package.scala:30)
[error] 	at sbt.Classpaths$.$anonfun$getPublishTo$1(Defaults.scala:3773)
[error] 	at scala.Option.getOrElse(Option.scala:189)
[error] 	at sbt.Classpaths$.getPublishTo(Defaults.scala:3773)
[error] 	at sbt.Classpaths$.$anonfun$ivyBaseSettings$53(Defaults.scala:3150)
[error] 	at scala.Function1.$anonfun$compose$1(Function1.scala:49)
[error] 	at sbt.internal.util.$tilde$greater.$anonfun$$u2219$1(TypeFunctions.scala:62)
[error] 	at sbt.std.Transform$$anon$4.work(Transform.scala:68)
[error] 	at sbt.Execute.$anonfun$submit$2(Execute.scala:282)
[error] 	at sbt.internal.util.ErrorHandling$.wideConvert(ErrorHandling.scala:23)
[error] 	at sbt.Execute.work(Execute.scala:291)
[error] 	at sbt.Execute.$anonfun$submit$1(Execute.scala:282)
[error] 	at sbt.ConcurrentRestrictions$$anon$4.$anonfun$submitValid$1(ConcurrentRestrictions.scala:265)
[error] 	at sbt.CompletionService$$anon$2.call(CompletionService.scala:64)
[error] 	at java.base/java.util.concurrent.FutureTask.run(FutureTask.java:264)
[error] 	at java.base/java.util.concurrent.Executors$RunnableAdapter.call(Executors.java:515)
[error] 	at java.base/java.util.concurrent.FutureTask.run(FutureTask.java:264)
[error] 	at java.base/java.util.concurrent.ThreadPoolExecutor.runWorker(ThreadPoolExecutor.java:1130)
[error] 	at java.base/java.util.concurrent.ThreadPoolExecutor$Worker.run(ThreadPoolExecutor.java:630)
[error] 	at java.base/java.lang.Thread.run(Thread.java:831)
[error] (publishConfiguration) Repository for publishing is not specified.
[error] Total time: 2 s, completed 2022/01/30 13:01:36
[debug] > Exec(idea-shell, None, None)
[debug] > Exec(, None, None)
[debug] > Exec(idea-shell, None, None)
