[debug] > Exec(early(addDefaultCommands), None, None)
[debug] > Exec(addDefaultCommands, None, None)
[debug] > Exec(early(initialize), None, None)
[debug] > Exec(initialize, None, None)
[debug] > Exec(early(addPluginSbtFile="""C:\Users\rito\AppData\Local\Temp\idea11.sbt"""), None, None)
[debug] > Exec(addPluginSbtFile="""C:\Users\rito\AppData\Local\Temp\idea11.sbt""", None, None)
[debug] > Exec(boot, None, None)
[debug] > Exec(writeSbtVersion, None, None)
[debug] > Exec(reload, None, None)
[debug] > Exec(sbtStashOnFailure, None, None)
[debug] > Exec(onFailure loadFailed, None, None)
[debug] > Exec(loadp, None, None)
[info] welcome to sbt 1.6.1 (Oracle Corporation Java 16.0.2)
[debug]       Load.loadUnit: plugins took 95.7614ms
[debug]       Load.loadUnit: defsScala took 0.3057ms
[debug] [Loading] Scanning directory C:\Users\rito\.sbt\1.0\plugins
[debug] [Loading] Found non-root projects 
[debug] [Loading] Done in C:\Users\rito\.sbt\1.0\plugins, returning: ()
[debug] deducing auto plugins based on known facts Set(Atom(sbt.plugins.CorePlugin)) and clauses Clauses(Clause(Atom(sbt.plugins.JvmPlugin),Set(Atom(sbt.plugins.IvyPlugin)))
[debug] Clause(Atom(sbt.ScriptedPlugin),Set(Atom(sbt.plugins.JvmPlugin)))
[debug] Clause(Atom(sbt.plugins.SbtPlugin),Set(Atom(sbt.ScriptedPlugin)))
[debug] Clause(Atom(sbt.plugins.SemanticdbPlugin),Set(Atom(sbt.plugins.JvmPlugin)))
[debug] Clause(Atom(sbt.plugins.JUnitXmlReportPlugin),Set(Atom(sbt.plugins.JvmPlugin)))
[debug] Clause(Atom(sbt.plugins.MiniDependencyTreePlugin),Set(Atom(sbt.plugins.JvmPlugin)))
[debug] Clause(Atom(sbt.plugins.CorePlugin),Set(Atom(sbt.plugins.IvyPlugin)))
[debug] Clause(Atom(sbt.plugins.IvyPlugin),Set(Atom(sbt.plugins.JvmPlugin)))
[debug] Clause(Atom(sbt.plugins.JvmPlugin),Set(Atom(sbt.plugins.SemanticdbPlugin)))
[debug] Clause(Atom(sbt.plugins.JvmPlugin),Set(Atom(sbt.plugins.JUnitXmlReportPlugin)))
[debug] Clause(Atom(sbt.plugins.CorePlugin),Set(Atom(sbt.plugins.Giter8TemplatePlugin)))
[debug] Clause(Atom(sbt.plugins.JvmPlugin),Set(Atom(sbt.plugins.MiniDependencyTreePlugin))))
[debug]   :: deduced result: Matched(sbt.plugins.CorePlugin,sbt.plugins.Giter8TemplatePlugin,sbt.plugins.IvyPlugin,sbt.plugins.JvmPlugin,sbt.plugins.MiniDependencyTreePlugin,sbt.plugins.JUnitXmlReportPlugin,sbt.plugins.SemanticdbPlugin)
[debug] Plugins.deducer#function took 18.5011 ms
[debug]           Load.resolveProject(global-plugins) took 43.5646ms
[debug]         Load.loadTransitive: finalizeProject(Project(id global-plugins, base: C:\Users\rito\.sbt\1.0\plugins, plugins: List(<none>))) took 83.0344ms
[debug] [Loading] Done in C:\Users\rito\.sbt\1.0\plugins, returning: (global-plugins)
[debug]       Load.loadUnit: loadedProjectsRaw took 105.0625ms
[debug]       Load.loadUnit: cleanEvalClasses took 0.2308ms
[debug]     Load.loadUnit(file:/C:/Users/rito/.sbt/1.0/plugins/, ...) took 212.1291ms
[debug]   Load.apply: load took 396.3641ms
[debug]   Load.apply: resolveProjects took 5.6649ms
[debug]   Load.apply: finalTransforms took 66.1071ms
[debug]   Load.apply: config.delegates took 9.0451ms
[debug]   Load.apply: Def.make(settings)... took 631.7748ms
[debug]   Load.apply: structureIndex took 172.442ms
[debug]   Load.apply: mkStreams took 6.1893ms
[info] loading global plugins from C:\Users\rito\.sbt\1.0\plugins
[debug] Running task... Cancel: Signal, check cycles: false, forcegc: true
[debug] Load.defaultLoad until apply took 3380.6191ms
[debug]           Load.loadUnit: plugins took 29.1976ms
[debug]           Load.loadUnit: defsScala took 0.0077ms
[debug] [Loading] Scanning directory D:\rito\desktop\Develop\RomajiToHiraganaConvertion\project
[debug]             Load.loadUnit: mkEval took 5.9631ms
[debug] [Loading] Found non-root projects 
[debug] [Loading] Done in D:\rito\desktop\Develop\RomajiToHiraganaConvertion\project, returning: ()
[debug] deducing auto plugins based on known facts Set(Atom(sbt.plugins.CorePlugin)) and clauses Clauses(Clause(Atom(sbt.plugins.JvmPlugin),Set(Atom(sbt.plugins.IvyPlugin)))
[debug] Clause(Atom(sbt.ScriptedPlugin),Set(Atom(sbt.plugins.JvmPlugin)))
[debug] Clause(Atom(sbt.plugins.SbtPlugin),Set(Atom(sbt.ScriptedPlugin)))
[debug] Clause(Atom(sbt.plugins.SemanticdbPlugin),Set(Atom(sbt.plugins.JvmPlugin)))
[debug] Clause(Atom(sbt.plugins.JUnitXmlReportPlugin),Set(Atom(sbt.plugins.JvmPlugin)))
[debug] Clause(Atom(sbt.plugins.MiniDependencyTreePlugin),Set(Atom(sbt.plugins.JvmPlugin)))
[debug] Clause(Atom(sbt.plugins.CorePlugin),Set(Atom(sbt.plugins.IvyPlugin)))
[debug] Clause(Atom(sbt.plugins.IvyPlugin),Set(Atom(sbt.plugins.JvmPlugin)))
[debug] Clause(Atom(sbt.plugins.JvmPlugin),Set(Atom(sbt.plugins.SemanticdbPlugin)))
[debug] Clause(Atom(sbt.plugins.JvmPlugin),Set(Atom(sbt.plugins.JUnitXmlReportPlugin)))
[debug] Clause(Atom(sbt.plugins.CorePlugin),Set(Atom(sbt.plugins.Giter8TemplatePlugin)))
[debug] Clause(Atom(sbt.plugins.JvmPlugin),Set(Atom(sbt.plugins.MiniDependencyTreePlugin))))
[debug]   :: deduced result: Matched(sbt.plugins.CorePlugin,sbt.plugins.Giter8TemplatePlugin,sbt.plugins.IvyPlugin,sbt.plugins.JvmPlugin,sbt.plugins.MiniDependencyTreePlugin,sbt.plugins.JUnitXmlReportPlugin,sbt.plugins.SemanticdbPlugin)
[debug] Plugins.deducer#function took 2.2116 ms
[info] loading settings for project romajitohiraganaconvertion-build from idea11.sbt ...
[debug]               Load.resolveProject(romajitohiraganaconvertion-build) took 12.472ms
[debug]             Load.loadTransitive: finalizeProject(Project(id romajitohiraganaconvertion-build, base: D:\rito\desktop\Develop\RomajiToHiraganaConvertion\project, plugins: List(<none>))) took 15.3634ms
[debug] [Loading] Done in D:\rito\desktop\Develop\RomajiToHiraganaConvertion\project, returning: (romajitohiraganaconvertion-build)
[debug]           Load.loadUnit: loadedProjectsRaw took 144.2193ms
[debug]           Load.loadUnit: cleanEvalClasses took 5.2987ms
[debug]         Load.loadUnit(file:/D:/rito/desktop/Develop/RomajiToHiraganaConvertion/project/, ...) took 179.8792ms
[debug]       Load.apply: load took 181.7574ms
[debug]       Load.apply: resolveProjects took 0.1123ms
[debug]       Load.apply: finalTransforms took 10.6375ms
[debug]       Load.apply: config.delegates took 0.4409ms
[debug]       Load.apply: Def.make(settings)... took 82.779ms
[debug]       Load.apply: structureIndex took 37.7392ms
[debug]       Load.apply: mkStreams took 0.003ms
[info] loading project definition from D:\rito\desktop\Develop\RomajiToHiraganaConvertion\project
[debug] Running task... Cancel: Signal, check cycles: false, forcegc: true
[debug]     Load.loadUnit: plugins took 625.2772ms
[debug]     Load.loadUnit: defsScala took 0.0044ms
[debug] [Loading] Scanning directory D:\rito\desktop\Develop\RomajiToHiraganaConvertion
[debug]       Load.loadUnit: mkEval took 0.3628ms
[debug] [Loading] Found root project root w/ remaining 
[debug] deducing auto plugins based on known facts Set(Atom(sbt.plugins.CorePlugin)) and clauses Clauses(Clause(Atom(sbt.plugins.JvmPlugin),Set(Atom(sbt.plugins.IvyPlugin)))
[debug] Clause(Atom(sbt.ScriptedPlugin),Set(Atom(sbt.plugins.JvmPlugin)))
[debug] Clause(Atom(sbt.plugins.SbtPlugin),Set(Atom(sbt.ScriptedPlugin)))
[debug] Clause(Atom(sbt.plugins.SemanticdbPlugin),Set(Atom(sbt.plugins.JvmPlugin)))
[debug] Clause(Atom(sbt.plugins.JUnitXmlReportPlugin),Set(Atom(sbt.plugins.JvmPlugin)))
[debug] Clause(Atom(sbt.plugins.MiniDependencyTreePlugin),Set(Atom(sbt.plugins.JvmPlugin)))
[debug] Clause(Atom(org.jetbrains.sbt.StructurePlugin),Set(Atom(sbt.plugins.JvmPlugin)))
[debug] Clause(Atom(org.jetbrains.sbt.IdeaShellPlugin),Set(Atom(sbt.plugins.JvmPlugin)))
[debug] Clause(Atom(org.jetbrains.sbt.indices.SbtIntellijIndicesPlugin),Set(Atom(sbt.plugins.JvmPlugin)))
[debug] Clause(Atom(sbt.plugins.CorePlugin),Set(Atom(sbt.plugins.IvyPlugin)))
[debug] Clause(Atom(sbt.plugins.IvyPlugin),Set(Atom(sbt.plugins.JvmPlugin)))
[debug] Clause(Atom(sbt.plugins.JvmPlugin),Set(Atom(sbt.plugins.SemanticdbPlugin)))
[debug] Clause(Atom(sbt.plugins.JvmPlugin),Set(Atom(sbt.plugins.JUnitXmlReportPlugin)))
[debug] Clause(Atom(sbt.plugins.CorePlugin),Set(Atom(sbt.plugins.Giter8TemplatePlugin)))
[debug] Clause(Atom(sbt.plugins.JvmPlugin),Set(Atom(sbt.plugins.MiniDependencyTreePlugin)))
[debug] Clause(Atom(sbt.plugins.JvmPlugin),Set(Atom(org.jetbrains.sbt.StructurePlugin)))
[debug] Clause(Atom(sbt.plugins.JvmPlugin),Set(Atom(org.jetbrains.sbt.IdeaShellPlugin)))
[debug] Clause(And(Set(Atom(sbt.plugins.CorePlugin), Atom(sbt.plugins.JvmPlugin))),Set(Atom(org.jetbrains.sbt.indices.SbtIntellijIndicesPlugin))))
[debug]   :: deduced result: Matched(sbt.plugins.CorePlugin,sbt.plugins.Giter8TemplatePlugin,sbt.plugins.IvyPlugin,sbt.plugins.JvmPlugin,sbt.plugins.SemanticdbPlugin,org.jetbrains.sbt.indices.SbtIntellijIndicesPlugin,sbt.plugins.JUnitXmlReportPlugin,org.jetbrains.sbt.IdeaShellPlugin,org.jetbrains.sbt.StructurePlugin,sbt.plugins.MiniDependencyTreePlugin)
[debug] Plugins.deducer#function took 4.4016 ms
[info] loading settings for project root from build.sbt ...
[debug]         Load.resolveProject(root) took 43.5496ms
[debug]       Load.loadTransitive: finalizeProject(Project(id root, base: D:\rito\desktop\Develop\RomajiToHiraganaConvertion, plugins: List(<none>))) took 50.2713ms
[debug] [Loading] Done in D:\rito\desktop\Develop\RomajiToHiraganaConvertion, returning: (root)
[debug]     Load.loadUnit: loadedProjectsRaw took 211.4451ms
[debug]     Load.loadUnit: cleanEvalClasses took 12.9652ms
[debug]   Load.loadUnit(file:/D:/rito/desktop/Develop/RomajiToHiraganaConvertion/, ...) took 850.7327ms
[debug] Load.apply: load took 852.9365ms
[debug] Load.apply: resolveProjects took 0.1964ms
[debug] Load.apply: finalTransforms took 31.9123ms
[debug] Load.apply: config.delegates took 0.4261ms
[debug] Load.apply: Def.make(settings)... took 92.9846ms
[debug] Load.apply: structureIndex took 33.106ms
[debug] Load.apply: mkStreams took 0.0032ms
[info] set current project to RomajiToHiraganaConversion (in build file:/D:/rito/desktop/Develop/RomajiToHiraganaConvertion/)
[debug] > Exec(sbtPopOnFailure, None, None)
[debug] > Exec(resumeFromFailure, None, None)
[debug] > Exec(notifyUsersAboutShell, None, None)
[debug] > Exec(iflast shell, None, None)
[debug] > Exec(; set ideaPort in Global := 60010 ; idea-shell, None, None)
[debug] > Exec(set ideaPort in Global := 60010, None, None)
[info] Defining Global / ideaPort
[info] The new value will be used by Compile / compile, Test / compile
[debug] Defining 
[debug] 	Global / ideaPort
[debug] 
[debug] The new value will be used by 
[debug] 	Compile / compile
[debug] 	Test / compile
[info] Reapplying settings...
[info] set current project to RomajiToHiraganaConversion (in build file:/D:/rito/desktop/Develop/RomajiToHiraganaConvertion/)
[debug] > Exec(idea-shell, None, None)
