[debug] > Exec(early(addDefaultCommands), None, None)
[debug] > Exec(addDefaultCommands, None, None)
[debug] > Exec(early(initialize), None, None)
[debug] > Exec(initialize, None, None)
[debug] > Exec(early(addPluginSbtFile="""C:\Users\rito\AppData\Local\Temp\idea11.sbt"""), None, None)
[debug] > Exec(addPluginSbtFile="""C:\Users\rito\AppData\Local\Temp\idea11.sbt""", None, None)
[debug] > Exec(boot, None, None)
[debug] > Exec(writeSbtVersion, None, None)
[debug] > Exec(reload, None, None)
[debug] > Exec(sbtStashOnFailure, None, None)
[debug] > Exec(onFailure loadFailed, None, None)
[debug] > Exec(loadp, None, None)
[info] welcome to sbt 1.6.1 (Oracle Corporation Java 16.0.2)
[debug]       Load.loadUnit: plugins took 103.8654ms
[debug]       Load.loadUnit: defsScala took 0.3307ms
[debug] [Loading] Scanning directory C:\Users\rito\.sbt\1.0\plugins
[debug] [Loading] Found non-root projects 
[debug] [Loading] Done in C:\Users\rito\.sbt\1.0\plugins, returning: ()
[debug] deducing auto plugins based on known facts Set(Atom(sbt.plugins.CorePlugin)) and clauses Clauses(Clause(Atom(sbt.plugins.JvmPlugin),Set(Atom(sbt.plugins.IvyPlugin)))
[debug] Clause(Atom(sbt.ScriptedPlugin),Set(Atom(sbt.plugins.JvmPlugin)))
[debug] Clause(Atom(sbt.plugins.SbtPlugin),Set(Atom(sbt.ScriptedPlugin)))
[debug] Clause(Atom(sbt.plugins.SemanticdbPlugin),Set(Atom(sbt.plugins.JvmPlugin)))
[debug] Clause(Atom(sbt.plugins.JUnitXmlReportPlugin),Set(Atom(sbt.plugins.JvmPlugin)))
[debug] Clause(Atom(sbt.plugins.MiniDependencyTreePlugin),Set(Atom(sbt.plugins.JvmPlugin)))
[debug] Clause(Atom(sbt.plugins.CorePlugin),Set(Atom(sbt.plugins.IvyPlugin)))
[debug] Clause(Atom(sbt.plugins.IvyPlugin),Set(Atom(sbt.plugins.JvmPlugin)))
[debug] Clause(Atom(sbt.plugins.JvmPlugin),Set(Atom(sbt.plugins.SemanticdbPlugin)))
[debug] Clause(Atom(sbt.plugins.JvmPlugin),Set(Atom(sbt.plugins.JUnitXmlReportPlugin)))
[debug] Clause(Atom(sbt.plugins.CorePlugin),Set(Atom(sbt.plugins.Giter8TemplatePlugin)))
[debug] Clause(Atom(sbt.plugins.JvmPlugin),Set(Atom(sbt.plugins.MiniDependencyTreePlugin))))
[debug]   :: deduced result: Matched(sbt.plugins.CorePlugin,sbt.plugins.Giter8TemplatePlugin,sbt.plugins.IvyPlugin,sbt.plugins.JvmPlugin,sbt.plugins.MiniDependencyTreePlugin,sbt.plugins.JUnitXmlReportPlugin,sbt.plugins.SemanticdbPlugin)
[debug] Plugins.deducer#function took 17.93 ms
[debug]           Load.resolveProject(global-plugins) took 44.5476ms
[debug]         Load.loadTransitive: finalizeProject(Project(id global-plugins, base: C:\Users\rito\.sbt\1.0\plugins, plugins: List(<none>))) took 85.945ms
[debug] [Loading] Done in C:\Users\rito\.sbt\1.0\plugins, returning: (global-plugins)
[debug]       Load.loadUnit: loadedProjectsRaw took 111.8667ms
[debug]       Load.loadUnit: cleanEvalClasses took 0.3981ms
[debug]     Load.loadUnit(file:/C:/Users/rito/.sbt/1.0/plugins/, ...) took 227.3098ms
[debug]   Load.apply: load took 408.7913ms
[debug]   Load.apply: resolveProjects took 6.703ms
[debug]   Load.apply: finalTransforms took 75.1531ms
[debug]   Load.apply: config.delegates took 12.5139ms
[debug]   Load.apply: Def.make(settings)... took 608.0922ms
[debug]   Load.apply: structureIndex took 155.3674ms
[debug]   Load.apply: mkStreams took 4.391ms
[info] loading global plugins from C:\Users\rito\.sbt\1.0\plugins
[debug] Running task... Cancel: Signal, check cycles: false, forcegc: true
[debug] Load.defaultLoad until apply took 3445.0453ms
[debug]           Load.loadUnit: plugins took 30.0654ms
[debug]           Load.loadUnit: defsScala took 0.0062ms
[debug] [Loading] Scanning directory D:\rito\desktop\Develop\RomajiToHiraganaConvertion\project
[debug]             Load.loadUnit: mkEval took 6.0636ms
[debug] [Loading] Found non-root projects 
[debug] [Loading] Done in D:\rito\desktop\Develop\RomajiToHiraganaConvertion\project, returning: ()
[debug] deducing auto plugins based on known facts Set(Atom(sbt.plugins.CorePlugin)) and clauses Clauses(Clause(Atom(sbt.plugins.JvmPlugin),Set(Atom(sbt.plugins.IvyPlugin)))
[debug] Clause(Atom(sbt.ScriptedPlugin),Set(Atom(sbt.plugins.JvmPlugin)))
[debug] Clause(Atom(sbt.plugins.SbtPlugin),Set(Atom(sbt.ScriptedPlugin)))
[debug] Clause(Atom(sbt.plugins.SemanticdbPlugin),Set(Atom(sbt.plugins.JvmPlugin)))
[debug] Clause(Atom(sbt.plugins.JUnitXmlReportPlugin),Set(Atom(sbt.plugins.JvmPlugin)))
[debug] Clause(Atom(sbt.plugins.MiniDependencyTreePlugin),Set(Atom(sbt.plugins.JvmPlugin)))
[debug] Clause(Atom(sbt.plugins.CorePlugin),Set(Atom(sbt.plugins.IvyPlugin)))
[debug] Clause(Atom(sbt.plugins.IvyPlugin),Set(Atom(sbt.plugins.JvmPlugin)))
[debug] Clause(Atom(sbt.plugins.JvmPlugin),Set(Atom(sbt.plugins.SemanticdbPlugin)))
[debug] Clause(Atom(sbt.plugins.JvmPlugin),Set(Atom(sbt.plugins.JUnitXmlReportPlugin)))
[debug] Clause(Atom(sbt.plugins.CorePlugin),Set(Atom(sbt.plugins.Giter8TemplatePlugin)))
[debug] Clause(Atom(sbt.plugins.JvmPlugin),Set(Atom(sbt.plugins.MiniDependencyTreePlugin))))
[debug]   :: deduced result: Matched(sbt.plugins.CorePlugin,sbt.plugins.Giter8TemplatePlugin,sbt.plugins.IvyPlugin,sbt.plugins.JvmPlugin,sbt.plugins.MiniDependencyTreePlugin,sbt.plugins.JUnitXmlReportPlugin,sbt.plugins.SemanticdbPlugin)
[debug] Plugins.deducer#function took 2.3596 ms
[info] loading settings for project romajitohiraganaconvertion-build from idea11.sbt ...
[debug]               Load.resolveProject(romajitohiraganaconvertion-build) took 8.6034ms
[debug]             Load.loadTransitive: finalizeProject(Project(id romajitohiraganaconvertion-build, base: D:\rito\desktop\Develop\RomajiToHiraganaConvertion\project, plugins: List(<none>))) took 11.8177ms
[debug] [Loading] Done in D:\rito\desktop\Develop\RomajiToHiraganaConvertion\project, returning: (romajitohiraganaconvertion-build)
[debug]           Load.loadUnit: loadedProjectsRaw took 153.0884ms
[debug]           Load.loadUnit: cleanEvalClasses took 5.0661ms
[debug]         Load.loadUnit(file:/D:/rito/desktop/Develop/RomajiToHiraganaConvertion/project/, ...) took 189.4142ms
[debug]       Load.apply: load took 191.2764ms
[debug]       Load.apply: resolveProjects took 0.1364ms
[debug]       Load.apply: finalTransforms took 10.2643ms
[debug]       Load.apply: config.delegates took 0.4372ms
[debug]       Load.apply: Def.make(settings)... took 85.659ms
[debug]       Load.apply: structureIndex took 35.4543ms
[debug]       Load.apply: mkStreams took 0.0024ms
[info] loading project definition from D:\rito\desktop\Develop\RomajiToHiraganaConvertion\project
[debug] Running task... Cancel: Signal, check cycles: false, forcegc: true
[warn] Unrecognized repository Scala Plugin Bundled Repository, ignoring it
[warn] Unrecognized repository Scala Plugin Bundled Repository, ignoring it
[debug]     Load.loadUnit: plugins took 1888.2235ms
[debug]     Load.loadUnit: defsScala took 0.0042ms
[debug] [Loading] Scanning directory D:\rito\desktop\Develop\RomajiToHiraganaConvertion
[debug]       Load.loadUnit: mkEval took 0.4038ms
[debug] [Loading] Found non-root projects 
[debug] [Loading] Done in D:\rito\desktop\Develop\RomajiToHiraganaConvertion, returning: ()
[debug] deducing auto plugins based on known facts Set(Atom(sbt.plugins.CorePlugin)) and clauses Clauses(Clause(Atom(sbt.plugins.JvmPlugin),Set(Atom(sbt.plugins.IvyPlugin)))
[debug] Clause(Atom(sbt.ScriptedPlugin),Set(Atom(sbt.plugins.JvmPlugin)))
[debug] Clause(Atom(sbt.plugins.SbtPlugin),Set(Atom(sbt.ScriptedPlugin)))
[debug] Clause(Atom(sbt.plugins.SemanticdbPlugin),Set(Atom(sbt.plugins.JvmPlugin)))
[debug] Clause(Atom(sbt.plugins.JUnitXmlReportPlugin),Set(Atom(sbt.plugins.JvmPlugin)))
[debug] Clause(Atom(sbt.plugins.MiniDependencyTreePlugin),Set(Atom(sbt.plugins.JvmPlugin)))
[debug] Clause(Atom(org.jetbrains.sbt.StructurePlugin),Set(Atom(sbt.plugins.JvmPlugin)))
[debug] Clause(Atom(org.jetbrains.sbt.IdeaShellPlugin),Set(Atom(sbt.plugins.JvmPlugin)))
[debug] Clause(Atom(org.jetbrains.sbt.indices.SbtIntellijIndicesPlugin),Set(Atom(sbt.plugins.JvmPlugin)))
[debug] Clause(Atom(sbt.plugins.CorePlugin),Set(Atom(sbt.plugins.IvyPlugin)))
[debug] Clause(Atom(sbt.plugins.IvyPlugin),Set(Atom(sbt.plugins.JvmPlugin)))
[debug] Clause(Atom(sbt.plugins.JvmPlugin),Set(Atom(sbt.plugins.SemanticdbPlugin)))
[debug] Clause(Atom(sbt.plugins.JvmPlugin),Set(Atom(sbt.plugins.JUnitXmlReportPlugin)))
[debug] Clause(Atom(sbt.plugins.CorePlugin),Set(Atom(sbt.plugins.Giter8TemplatePlugin)))
[debug] Clause(Atom(sbt.plugins.JvmPlugin),Set(Atom(sbt.plugins.MiniDependencyTreePlugin)))
[debug] Clause(Atom(sbt.plugins.JvmPlugin),Set(Atom(org.jetbrains.sbt.StructurePlugin)))
[debug] Clause(Atom(sbt.plugins.JvmPlugin),Set(Atom(org.jetbrains.sbt.IdeaShellPlugin)))
[debug] Clause(And(Set(Atom(sbt.plugins.CorePlugin), Atom(sbt.plugins.JvmPlugin))),Set(Atom(org.jetbrains.sbt.indices.SbtIntellijIndicesPlugin))))
[debug]   :: deduced result: Matched(sbt.plugins.CorePlugin,sbt.plugins.Giter8TemplatePlugin,sbt.plugins.IvyPlugin,sbt.plugins.JvmPlugin,sbt.plugins.SemanticdbPlugin,org.jetbrains.sbt.indices.SbtIntellijIndicesPlugin,sbt.plugins.JUnitXmlReportPlugin,org.jetbrains.sbt.IdeaShellPlugin,org.jetbrains.sbt.StructurePlugin,sbt.plugins.MiniDependencyTreePlugin)
[debug] Plugins.deducer#function took 3.6827 ms
[info] loading settings for project romajitohiraganaconvertion from build.sbt ...
[debug]         Load.resolveProject(romajitohiraganaconvertion) took 41.1844ms
[debug]       Load.loadTransitive: finalizeProject(Project(id romajitohiraganaconvertion, base: D:\rito\desktop\Develop\RomajiToHiraganaConvertion, plugins: List(<none>))) took 46.7334ms
[debug] [Loading] Done in D:\rito\desktop\Develop\RomajiToHiraganaConvertion, returning: (romajitohiraganaconvertion)
[debug]     Load.loadUnit: loadedProjectsRaw took 3664.897ms
[debug]     Load.loadUnit: cleanEvalClasses took 26.6582ms
[debug]   Load.loadUnit(file:/D:/rito/desktop/Develop/RomajiToHiraganaConvertion/, ...) took 5580.9951ms
[debug] Load.apply: load took 5583.792ms
[debug] Load.apply: resolveProjects took 0.2482ms
[debug] Load.apply: finalTransforms took 40.0397ms
[debug] Load.apply: config.delegates took 0.6821ms
[debug] Load.apply: Def.make(settings)... took 104.994ms
[debug] Load.apply: structureIndex took 35.0788ms
[debug] Load.apply: mkStreams took 0.0029ms
[info] set current project to romajitohiraganaconvertion (in build file:/D:/rito/desktop/Develop/RomajiToHiraganaConvertion/)
[warn] there's a key that's not used by any other settings/tasks:
[warn]  
[warn] * ThisBuild / name
[warn]   +- D:\rito\desktop\Develop\RomajiToHiraganaConvertion\build.sbt:1
[warn]  
[warn] note: a setting might still be used by a command; to exclude a key from this `lintUnused` check
[warn] either append it to `Global / excludeLintKeys` or call .withRank(KeyRanks.Invisible) on the key
[debug] > Exec(sbtPopOnFailure, None, None)
[debug] > Exec(resumeFromFailure, None, None)
[debug] > Exec(notifyUsersAboutShell, None, None)
[debug] > Exec(iflast shell, None, None)
[debug] > Exec(; set ideaPort in Global := 51938 ; idea-shell, None, None)
[debug] > Exec(set ideaPort in Global := 51938, None, None)
[info] Defining Global / ideaPort
[info] The new value will be used by Compile / compile, Test / compile
[debug] Defining 
[debug] 	Global / ideaPort
[debug] 
[debug] The new value will be used by 
[debug] 	Compile / compile
[debug] 	Test / compile
[info] Reapplying settings...
[info] set current project to romajitohiraganaconvertion (in build file:/D:/rito/desktop/Develop/RomajiToHiraganaConvertion/)
[debug] > Exec(idea-shell, None, None)
