[debug] > Exec(early(addDefaultCommands), None, None)
[debug] > Exec(addDefaultCommands, None, None)
[debug] > Exec(early(initialize), None, None)
[debug] > Exec(initialize, None, None)
[debug] > Exec(early(addPluginSbtFile="""C:\Users\rito\AppData\Local\Temp\idea1197.sbt"""), None, None)
[debug] > Exec(addPluginSbtFile="""C:\Users\rito\AppData\Local\Temp\idea1197.sbt""", None, None)
[debug] > Exec(boot, None, None)
[debug] > Exec(writeSbtVersion, None, None)
[debug] > Exec(reload, None, None)
[debug] > Exec(sbtStashOnFailure, None, None)
[debug] > Exec(onFailure loadFailed, None, None)
[debug] > Exec(loadp, None, None)
[info] welcome to sbt 1.6.1 (Oracle Corporation Java 16.0.2)
[debug]       Load.loadUnit: plugins took 95.3714ms
[debug]       Load.loadUnit: defsScala took 0.2934ms
[debug] [Loading] Scanning directory C:\Users\rito\.sbt\1.0\plugins
[debug] [Loading] Found non-root projects 
[debug] [Loading] Done in C:\Users\rito\.sbt\1.0\plugins, returning: ()
[debug] deducing auto plugins based on known facts Set(Atom(sbt.plugins.CorePlugin)) and clauses Clauses(Clause(Atom(sbt.plugins.JvmPlugin),Set(Atom(sbt.plugins.IvyPlugin)))
[debug] Clause(Atom(sbt.ScriptedPlugin),Set(Atom(sbt.plugins.JvmPlugin)))
[debug] Clause(Atom(sbt.plugins.SbtPlugin),Set(Atom(sbt.ScriptedPlugin)))
[debug] Clause(Atom(sbt.plugins.SemanticdbPlugin),Set(Atom(sbt.plugins.JvmPlugin)))
[debug] Clause(Atom(sbt.plugins.JUnitXmlReportPlugin),Set(Atom(sbt.plugins.JvmPlugin)))
[debug] Clause(Atom(sbt.plugins.MiniDependencyTreePlugin),Set(Atom(sbt.plugins.JvmPlugin)))
[debug] Clause(Atom(sbt.plugins.CorePlugin),Set(Atom(sbt.plugins.IvyPlugin)))
[debug] Clause(Atom(sbt.plugins.IvyPlugin),Set(Atom(sbt.plugins.JvmPlugin)))
[debug] Clause(Atom(sbt.plugins.JvmPlugin),Set(Atom(sbt.plugins.SemanticdbPlugin)))
[debug] Clause(Atom(sbt.plugins.JvmPlugin),Set(Atom(sbt.plugins.JUnitXmlReportPlugin)))
[debug] Clause(Atom(sbt.plugins.CorePlugin),Set(Atom(sbt.plugins.Giter8TemplatePlugin)))
[debug] Clause(Atom(sbt.plugins.JvmPlugin),Set(Atom(sbt.plugins.MiniDependencyTreePlugin))))
[debug]   :: deduced result: Matched(sbt.plugins.CorePlugin,sbt.plugins.Giter8TemplatePlugin,sbt.plugins.IvyPlugin,sbt.plugins.JvmPlugin,sbt.plugins.MiniDependencyTreePlugin,sbt.plugins.JUnitXmlReportPlugin,sbt.plugins.SemanticdbPlugin)
[debug] Plugins.deducer#function took 23.4875 ms
[debug]           Load.resolveProject(global-plugins) took 50.1696ms
[debug]         Load.loadTransitive: finalizeProject(Project(id global-plugins, base: C:\Users\rito\.sbt\1.0\plugins, plugins: List(<none>))) took 95.3342ms
[debug] [Loading] Done in C:\Users\rito\.sbt\1.0\plugins, returning: (global-plugins)
[debug]       Load.loadUnit: loadedProjectsRaw took 119.2461ms
[debug]       Load.loadUnit: cleanEvalClasses took 0.2219ms
[debug]     Load.loadUnit(file:/C:/Users/rito/.sbt/1.0/plugins/, ...) took 225.3779ms
[debug]   Load.apply: load took 410.2718ms
[debug]   Load.apply: resolveProjects took 6.0311ms
[debug]   Load.apply: finalTransforms took 70.1566ms
[debug]   Load.apply: config.delegates took 9.675ms
[debug]   Load.apply: Def.make(settings)... took 627.639ms
[debug]   Load.apply: structureIndex took 196.064ms
[debug]   Load.apply: mkStreams took 4.0239ms
[info] loading global plugins from C:\Users\rito\.sbt\1.0\plugins
[debug] Running task... Cancel: Signal, check cycles: false, forcegc: true
[debug] Load.defaultLoad until apply took 3450.1518ms
[debug]           Load.loadUnit: plugins took 26.7817ms
[debug]           Load.loadUnit: defsScala took 0.0044ms
[debug] [Loading] Scanning directory D:\rito\desktop\Develop\RomajiToHiraganaConvertion\project
[debug]             Load.loadUnit: mkEval took 5.3545ms
[debug] [Loading] Found non-root projects 
[debug] [Loading] Done in D:\rito\desktop\Develop\RomajiToHiraganaConvertion\project, returning: ()
[debug] deducing auto plugins based on known facts Set(Atom(sbt.plugins.CorePlugin)) and clauses Clauses(Clause(Atom(sbt.plugins.JvmPlugin),Set(Atom(sbt.plugins.IvyPlugin)))
[debug] Clause(Atom(sbt.ScriptedPlugin),Set(Atom(sbt.plugins.JvmPlugin)))
[debug] Clause(Atom(sbt.plugins.SbtPlugin),Set(Atom(sbt.ScriptedPlugin)))
[debug] Clause(Atom(sbt.plugins.SemanticdbPlugin),Set(Atom(sbt.plugins.JvmPlugin)))
[debug] Clause(Atom(sbt.plugins.JUnitXmlReportPlugin),Set(Atom(sbt.plugins.JvmPlugin)))
[debug] Clause(Atom(sbt.plugins.MiniDependencyTreePlugin),Set(Atom(sbt.plugins.JvmPlugin)))
[debug] Clause(Atom(sbt.plugins.CorePlugin),Set(Atom(sbt.plugins.IvyPlugin)))
[debug] Clause(Atom(sbt.plugins.IvyPlugin),Set(Atom(sbt.plugins.JvmPlugin)))
[debug] Clause(Atom(sbt.plugins.JvmPlugin),Set(Atom(sbt.plugins.SemanticdbPlugin)))
[debug] Clause(Atom(sbt.plugins.JvmPlugin),Set(Atom(sbt.plugins.JUnitXmlReportPlugin)))
[debug] Clause(Atom(sbt.plugins.CorePlugin),Set(Atom(sbt.plugins.Giter8TemplatePlugin)))
[debug] Clause(Atom(sbt.plugins.JvmPlugin),Set(Atom(sbt.plugins.MiniDependencyTreePlugin))))
[debug]   :: deduced result: Matched(sbt.plugins.CorePlugin,sbt.plugins.Giter8TemplatePlugin,sbt.plugins.IvyPlugin,sbt.plugins.JvmPlugin,sbt.plugins.MiniDependencyTreePlugin,sbt.plugins.JUnitXmlReportPlugin,sbt.plugins.SemanticdbPlugin)
[debug] Plugins.deducer#function took 2.3738 ms
[info] loading settings for project romajitohiraganaconvertion-build from idea1197.sbt ...
[debug]               Load.resolveProject(romajitohiraganaconvertion-build) took 2.6944ms
[debug]             Load.loadTransitive: finalizeProject(Project(id romajitohiraganaconvertion-build, base: D:\rito\desktop\Develop\RomajiToHiraganaConvertion\project, plugins: List(<none>))) took 5.6309ms
[debug] [Loading] Done in D:\rito\desktop\Develop\RomajiToHiraganaConvertion\project, returning: (romajitohiraganaconvertion-build)
[debug]           Load.loadUnit: loadedProjectsRaw took 135.5392ms
[debug]           Load.loadUnit: cleanEvalClasses took 5.0362ms
[debug]         Load.loadUnit(file:/D:/rito/desktop/Develop/RomajiToHiraganaConvertion/project/, ...) took 168.4151ms
[debug]       Load.apply: load took 169.9198ms
[debug]       Load.apply: resolveProjects took 0.1076ms
[debug]       Load.apply: finalTransforms took 12.1462ms
[debug]       Load.apply: config.delegates took 0.4918ms
[debug]       Load.apply: Def.make(settings)... took 89.2039ms
[debug]       Load.apply: structureIndex took 42.543ms
[debug]       Load.apply: mkStreams took 0.0036ms
[info] loading project definition from D:\rito\desktop\Develop\RomajiToHiraganaConvertion\project
[debug] Running task... Cancel: Signal, check cycles: false, forcegc: true
[warn] Unrecognized repository Scala Plugin Bundled Repository, ignoring it
[warn] Unrecognized repository Scala Plugin Bundled Repository, ignoring it
[debug]     Load.loadUnit: plugins took 1824.1793ms
[debug]     Load.loadUnit: defsScala took 0.0028ms
[debug] [Loading] Scanning directory D:\rito\desktop\Develop\RomajiToHiraganaConvertion
[debug]       Load.loadUnit: mkEval took 0.3221ms
[debug] [Loading] Found root project root w/ remaining 
[debug] deducing auto plugins based on known facts Set(Atom(sbt.plugins.CorePlugin)) and clauses Clauses(Clause(Atom(sbt.plugins.JvmPlugin),Set(Atom(sbt.plugins.IvyPlugin)))
[debug] Clause(Atom(sbt.ScriptedPlugin),Set(Atom(sbt.plugins.JvmPlugin)))
[debug] Clause(Atom(sbt.plugins.SbtPlugin),Set(Atom(sbt.ScriptedPlugin)))
[debug] Clause(Atom(sbt.plugins.SemanticdbPlugin),Set(Atom(sbt.plugins.JvmPlugin)))
[debug] Clause(Atom(sbt.plugins.JUnitXmlReportPlugin),Set(Atom(sbt.plugins.JvmPlugin)))
[debug] Clause(Atom(sbt.plugins.MiniDependencyTreePlugin),Set(Atom(sbt.plugins.JvmPlugin)))
[debug] Clause(Atom(org.jetbrains.sbt.StructurePlugin),Set(Atom(sbt.plugins.JvmPlugin)))
[debug] Clause(Atom(org.jetbrains.sbt.IdeaShellPlugin),Set(Atom(sbt.plugins.JvmPlugin)))
[debug] Clause(Atom(org.jetbrains.sbt.indices.SbtIntellijIndicesPlugin),Set(Atom(sbt.plugins.JvmPlugin)))
[debug] Clause(Atom(sbt.plugins.CorePlugin),Set(Atom(sbt.plugins.IvyPlugin)))
[debug] Clause(Atom(sbt.plugins.IvyPlugin),Set(Atom(sbt.plugins.JvmPlugin)))
[debug] Clause(Atom(sbt.plugins.JvmPlugin),Set(Atom(sbt.plugins.SemanticdbPlugin)))
[debug] Clause(Atom(sbt.plugins.JvmPlugin),Set(Atom(sbt.plugins.JUnitXmlReportPlugin)))
[debug] Clause(Atom(sbt.plugins.CorePlugin),Set(Atom(sbt.plugins.Giter8TemplatePlugin)))
[debug] Clause(Atom(sbt.plugins.JvmPlugin),Set(Atom(sbt.plugins.MiniDependencyTreePlugin)))
[debug] Clause(Atom(sbt.plugins.JvmPlugin),Set(Atom(org.jetbrains.sbt.StructurePlugin)))
[debug] Clause(Atom(sbt.plugins.JvmPlugin),Set(Atom(org.jetbrains.sbt.IdeaShellPlugin)))
[debug] Clause(And(Set(Atom(sbt.plugins.CorePlugin), Atom(sbt.plugins.JvmPlugin))),Set(Atom(org.jetbrains.sbt.indices.SbtIntellijIndicesPlugin))))
[debug]   :: deduced result: Matched(sbt.plugins.CorePlugin,sbt.plugins.Giter8TemplatePlugin,sbt.plugins.IvyPlugin,sbt.plugins.JvmPlugin,sbt.plugins.SemanticdbPlugin,org.jetbrains.sbt.indices.SbtIntellijIndicesPlugin,sbt.plugins.JUnitXmlReportPlugin,org.jetbrains.sbt.IdeaShellPlugin,org.jetbrains.sbt.StructurePlugin,sbt.plugins.MiniDependencyTreePlugin)
[debug] Plugins.deducer#function took 3.322 ms
[info] loading settings for project root from build.sbt ...
[debug]         Load.resolveProject(root) took 59.0152ms
[debug]       Load.loadTransitive: finalizeProject(Project(id root, base: D:\rito\desktop\Develop\RomajiToHiraganaConvertion, plugins: List(<none>))) took 64.5947ms
[debug] [Loading] Done in D:\rito\desktop\Develop\RomajiToHiraganaConvertion, returning: (root)
[debug]     Load.loadUnit: loadedProjectsRaw took 4283.6471ms
[debug]     Load.loadUnit: cleanEvalClasses took 25.2884ms
[debug]   Load.loadUnit(file:/D:/rito/desktop/Develop/RomajiToHiraganaConvertion/, ...) took 6134.2918ms
[debug] Load.apply: load took 6136.6907ms
[debug] Load.apply: resolveProjects took 0.2416ms
[debug] Load.apply: finalTransforms took 30.2493ms
[debug] Load.apply: config.delegates took 0.516ms
[debug] Load.apply: Def.make(settings)... took 82.3311ms
[debug] Load.apply: structureIndex took 27.3203ms
[debug] Load.apply: mkStreams took 0.0043ms
[info] set current project to RomajiToHiraganaConversion (in build file:/D:/rito/desktop/Develop/RomajiToHiraganaConvertion/)
[debug] > Exec(sbtPopOnFailure, None, None)
[debug] > Exec(resumeFromFailure, None, None)
[debug] > Exec(notifyUsersAboutShell, None, None)
[debug] > Exec(iflast shell, None, None)
[debug] > Exec(; set ideaPort in Global := 60010 ; idea-shell, None, None)
[debug] > Exec(set ideaPort in Global := 60010, None, None)
[info] Defining Global / ideaPort
[info] The new value will be used by Compile / compile, Test / compile
[debug] Defining 
[debug] 	Global / ideaPort
[debug] 
[debug] The new value will be used by 
[debug] 	Compile / compile
[debug] 	Test / compile
[info] Reapplying settings...
[info] set current project to RomajiToHiraganaConversion (in build file:/D:/rito/desktop/Develop/RomajiToHiraganaConvertion/)
[debug] > Exec(idea-shell, None, None)
