[debug] > Exec(compile, None, None)
[debug] Evaluating tasks: Compile / compile
[debug] Running task... Cancel: Signal, check cycles: false, forcegc: true
[info] compiling 1 Scala source to D:\rito\desktop\Develop\RomajiToHiraganaConvertion\target\classes ...
[error] error while loading Object, Missing dependency 'object scala.native in compiler mirror', required by /modules/java.base/java/lang/Object.class
[error] ## Exception when compiling 1 sources to D:\rito\desktop\Develop\RomajiToHiraganaConvertion\target\classes
[error] scala.reflect.internal.MissingRequirementError: object scala in compiler mirror not found.
[error] scala.reflect.internal.MissingRequirementError$.notFound(MissingRequirementError.scala:24)
[error] scala.reflect.internal.Mirrors$RootsBase.$anonfun$getModuleOrClass$6(Mirrors.scala:66)
[error] scala.reflect.internal.Mirrors$RootsBase.getPackage(Mirrors.scala:66)
[error] scala.reflect.internal.Definitions$DefinitionsClass.ScalaPackage$lzycompute(Definitions.scala:196)
[error] scala.reflect.internal.Definitions$DefinitionsClass.ScalaPackage(Definitions.scala:196)
[error] scala.reflect.internal.Definitions$DefinitionsClass.ScalaPackageClass$lzycompute(Definitions.scala:197)
[error] scala.reflect.internal.Definitions$DefinitionsClass.ScalaPackageClass(Definitions.scala:197)
[error] scala.reflect.internal.Definitions$DefinitionsClass.AnyClass$lzycompute(Definitions.scala:285)
[error] scala.reflect.internal.Definitions$DefinitionsClass.AnyClass(Definitions.scala:285)
[error] scala.tools.nsc.symtab.classfile.ClassfileParser$ClassTypeCompleter.complete(ClassfileParser.scala:1371)
[error] scala.reflect.internal.Symbols$Symbol.completeInfo(Symbols.scala:1561)
[error] scala.reflect.internal.Symbols$Symbol.info(Symbols.scala:1533)
[error] scala.reflect.internal.Symbols$Symbol.initialize(Symbols.scala:1722)
[error] scala.reflect.internal.Definitions$DefinitionsClass.init(Definitions.scala:1644)
[error] scala.tools.nsc.Global$Run.<init>(Global.scala:1226)
[error] xsbt.ZincCompiler$ZincRun.<init>(CallbackGlobal.scala:80)
[error] xsbt.CachedCompiler0.run(CompilerBridge.scala:161)
[error] xsbt.CachedCompiler0.run(CompilerBridge.scala:134)
[error] xsbt.CompilerBridge.run(CompilerBridge.scala:39)
[error] sbt.internal.inc.AnalyzingCompiler.compile(AnalyzingCompiler.scala:91)
[error] sbt.internal.inc.MixedAnalyzingCompiler.$anonfun$compile$7(MixedAnalyzingCompiler.scala:192)
[error] scala.runtime.java8.JFunction0$mcV$sp.apply(JFunction0$mcV$sp.java:23)
[error] sbt.internal.inc.MixedAnalyzingCompiler.timed(MixedAnalyzingCompiler.scala:247)
[error] sbt.internal.inc.MixedAnalyzingCompiler.$anonfun$compile$4(MixedAnalyzingCompiler.scala:182)
[error] sbt.internal.inc.MixedAnalyzingCompiler.$anonfun$compile$4$adapted(MixedAnalyzingCompiler.scala:163)
[error] sbt.internal.inc.JarUtils$.withPreviousJar(JarUtils.scala:239)
[error] sbt.internal.inc.MixedAnalyzingCompiler.compileScala$1(MixedAnalyzingCompiler.scala:163)
[error] sbt.internal.inc.MixedAnalyzingCompiler.compile(MixedAnalyzingCompiler.scala:210)
[error] sbt.internal.inc.IncrementalCompilerImpl.$anonfun$compileInternal$1(IncrementalCompilerImpl.scala:528)
[error] sbt.internal.inc.IncrementalCompilerImpl.$anonfun$compileInternal$1$adapted(IncrementalCompilerImpl.scala:528)
[error] sbt.internal.inc.Incremental$.$anonfun$apply$5(Incremental.scala:177)
[error] sbt.internal.inc.Incremental$.$anonfun$apply$5$adapted(Incremental.scala:175)
[error] sbt.internal.inc.Incremental$$anon$2.run(Incremental.scala:461)
[error] sbt.internal.inc.IncrementalCommon$CycleState.next(IncrementalCommon.scala:116)
[error] sbt.internal.inc.IncrementalCommon$$anon$1.next(IncrementalCommon.scala:56)
[error] sbt.internal.inc.IncrementalCommon$$anon$1.next(IncrementalCommon.scala:52)
[error] sbt.internal.inc.IncrementalCommon.cycle(IncrementalCommon.scala:263)
[error] sbt.internal.inc.Incremental$.$anonfun$incrementalCompile$8(Incremental.scala:416)
[error] sbt.internal.inc.Incremental$.withClassfileManager(Incremental.scala:503)
[error] sbt.internal.inc.Incremental$.incrementalCompile(Incremental.scala:403)
[error] sbt.internal.inc.Incremental$.apply(Incremental.scala:169)
[error] sbt.internal.inc.IncrementalCompilerImpl.compileInternal(IncrementalCompilerImpl.scala:528)
[error] sbt.internal.inc.IncrementalCompilerImpl.$anonfun$compileIncrementally$1(IncrementalCompilerImpl.scala:482)
[error] sbt.internal.inc.IncrementalCompilerImpl.handleCompilationError(IncrementalCompilerImpl.scala:332)
[error] sbt.internal.inc.IncrementalCompilerImpl.compileIncrementally(IncrementalCompilerImpl.scala:420)
[error] sbt.internal.inc.IncrementalCompilerImpl.compile(IncrementalCompilerImpl.scala:137)
[error] sbt.Defaults$.compileIncrementalTaskImpl(Defaults.scala:2366)
[error] sbt.Defaults$.$anonfun$compileIncrementalTask$2(Defaults.scala:2316)
[error] sbt.internal.server.BspCompileTask$.$anonfun$compute$1(BspCompileTask.scala:30)
[error] sbt.internal.io.Retry$.apply(Retry.scala:46)
[error] sbt.internal.io.Retry$.apply(Retry.scala:28)
[error] sbt.internal.io.Retry$.apply(Retry.scala:23)
[error] sbt.internal.server.BspCompileTask$.compute(BspCompileTask.scala:30)
[error] sbt.Defaults$.$anonfun$compileIncrementalTask$1(Defaults.scala:2314)
[error] scala.Function1.$anonfun$compose$1(Function1.scala:49)
[error] sbt.internal.util.$tilde$greater.$anonfun$$u2219$1(TypeFunctions.scala:62)
[error] sbt.std.Transform$$anon$4.work(Transform.scala:68)
[error] sbt.Execute.$anonfun$submit$2(Execute.scala:282)
[error] sbt.internal.util.ErrorHandling$.wideConvert(ErrorHandling.scala:23)
[error] sbt.Execute.work(Execute.scala:291)
[error] sbt.Execute.$anonfun$submit$1(Execute.scala:282)
[error] sbt.ConcurrentRestrictions$$anon$4.$anonfun$submitValid$1(ConcurrentRestrictions.scala:265)
[error] sbt.CompletionService$$anon$2.call(CompletionService.scala:64)
[error] java.base/java.util.concurrent.FutureTask.run(FutureTask.java:264)
[error] java.base/java.util.concurrent.Executors$RunnableAdapter.call(Executors.java:515)
[error] java.base/java.util.concurrent.FutureTask.run(FutureTask.java:264)
[error] java.base/java.util.concurrent.ThreadPoolExecutor.runWorker(ThreadPoolExecutor.java:1130)
[error] java.base/java.util.concurrent.ThreadPoolExecutor$Worker.run(ThreadPoolExecutor.java:630)
[error] java.base/java.lang.Thread.run(Thread.java:831)
[error]            
[error] scala.reflect.internal.MissingRequirementError: object scala in compiler mirror not found.
[error] 	at scala.reflect.internal.MissingRequirementError$.notFound(MissingRequirementError.scala:24)
[error] 	at scala.reflect.internal.Mirrors$RootsBase.$anonfun$getModuleOrClass$6(Mirrors.scala:66)
[error] 	at scala.reflect.internal.Mirrors$RootsBase.getPackage(Mirrors.scala:66)
[error] 	at scala.reflect.internal.Definitions$DefinitionsClass.ScalaPackage$lzycompute(Definitions.scala:196)
[error] 	at scala.reflect.internal.Definitions$DefinitionsClass.ScalaPackage(Definitions.scala:196)
[error] 	at scala.reflect.internal.Definitions$DefinitionsClass.ScalaPackageClass$lzycompute(Definitions.scala:197)
[error] 	at scala.reflect.internal.Definitions$DefinitionsClass.ScalaPackageClass(Definitions.scala:197)
[error] 	at scala.reflect.internal.Definitions$DefinitionsClass.AnyClass$lzycompute(Definitions.scala:285)
[error] 	at scala.reflect.internal.Definitions$DefinitionsClass.AnyClass(Definitions.scala:285)
[error] 	at scala.tools.nsc.symtab.classfile.ClassfileParser$ClassTypeCompleter.complete(ClassfileParser.scala:1371)
[error] 	at scala.reflect.internal.Symbols$Symbol.completeInfo(Symbols.scala:1561)
[error] 	at scala.reflect.internal.Symbols$Symbol.info(Symbols.scala:1533)
[error] 	at scala.reflect.internal.Symbols$Symbol.initialize(Symbols.scala:1722)
[error] 	at scala.reflect.internal.Definitions$DefinitionsClass.init(Definitions.scala:1644)
[error] 	at scala.tools.nsc.Global$Run.<init>(Global.scala:1226)
[error] 	at xsbt.ZincCompiler$ZincRun.<init>(CallbackGlobal.scala:80)
[error] 	at xsbt.CachedCompiler0.run(CompilerBridge.scala:161)
[error] 	at xsbt.CachedCompiler0.run(CompilerBridge.scala:134)
[error] 	at xsbt.CompilerBridge.run(CompilerBridge.scala:39)
[error] 	at sbt.internal.inc.AnalyzingCompiler.compile(AnalyzingCompiler.scala:91)
[error] 	at sbt.internal.inc.MixedAnalyzingCompiler.$anonfun$compile$7(MixedAnalyzingCompiler.scala:192)
[error] 	at scala.runtime.java8.JFunction0$mcV$sp.apply(JFunction0$mcV$sp.java:23)
[error] 	at sbt.internal.inc.MixedAnalyzingCompiler.timed(MixedAnalyzingCompiler.scala:247)
[error] 	at sbt.internal.inc.MixedAnalyzingCompiler.$anonfun$compile$4(MixedAnalyzingCompiler.scala:182)
[error] 	at sbt.internal.inc.MixedAnalyzingCompiler.$anonfun$compile$4$adapted(MixedAnalyzingCompiler.scala:163)
[error] 	at sbt.internal.inc.JarUtils$.withPreviousJar(JarUtils.scala:239)
[error] 	at sbt.internal.inc.MixedAnalyzingCompiler.compileScala$1(MixedAnalyzingCompiler.scala:163)
[error] 	at sbt.internal.inc.MixedAnalyzingCompiler.compile(MixedAnalyzingCompiler.scala:210)
[error] 	at sbt.internal.inc.IncrementalCompilerImpl.$anonfun$compileInternal$1(IncrementalCompilerImpl.scala:528)
[error] 	at sbt.internal.inc.IncrementalCompilerImpl.$anonfun$compileInternal$1$adapted(IncrementalCompilerImpl.scala:528)
[error] 	at sbt.internal.inc.Incremental$.$anonfun$apply$5(Incremental.scala:177)
[error] 	at sbt.internal.inc.Incremental$.$anonfun$apply$5$adapted(Incremental.scala:175)
[error] 	at sbt.internal.inc.Incremental$$anon$2.run(Incremental.scala:461)
[error] 	at sbt.internal.inc.IncrementalCommon$CycleState.next(IncrementalCommon.scala:116)
[error] 	at sbt.internal.inc.IncrementalCommon$$anon$1.next(IncrementalCommon.scala:56)
[error] 	at sbt.internal.inc.IncrementalCommon$$anon$1.next(IncrementalCommon.scala:52)
[error] 	at sbt.internal.inc.IncrementalCommon.cycle(IncrementalCommon.scala:263)
[error] 	at sbt.internal.inc.Incremental$.$anonfun$incrementalCompile$8(Incremental.scala:416)
[error] 	at sbt.internal.inc.Incremental$.withClassfileManager(Incremental.scala:503)
[error] 	at sbt.internal.inc.Incremental$.incrementalCompile(Incremental.scala:403)
[error] 	at sbt.internal.inc.Incremental$.apply(Incremental.scala:169)
[error] 	at sbt.internal.inc.IncrementalCompilerImpl.compileInternal(IncrementalCompilerImpl.scala:528)
[error] 	at sbt.internal.inc.IncrementalCompilerImpl.$anonfun$compileIncrementally$1(IncrementalCompilerImpl.scala:482)
[error] 	at sbt.internal.inc.IncrementalCompilerImpl.handleCompilationError(IncrementalCompilerImpl.scala:332)
[error] 	at sbt.internal.inc.IncrementalCompilerImpl.compileIncrementally(IncrementalCompilerImpl.scala:420)
[error] 	at sbt.internal.inc.IncrementalCompilerImpl.compile(IncrementalCompilerImpl.scala:137)
[error] 	at sbt.Defaults$.compileIncrementalTaskImpl(Defaults.scala:2366)
[error] 	at sbt.Defaults$.$anonfun$compileIncrementalTask$2(Defaults.scala:2316)
[error] 	at sbt.internal.server.BspCompileTask$.$anonfun$compute$1(BspCompileTask.scala:30)
[error] 	at sbt.internal.io.Retry$.apply(Retry.scala:46)
[error] 	at sbt.internal.io.Retry$.apply(Retry.scala:28)
[error] 	at sbt.internal.io.Retry$.apply(Retry.scala:23)
[error] 	at sbt.internal.server.BspCompileTask$.compute(BspCompileTask.scala:30)
[error] 	at sbt.Defaults$.$anonfun$compileIncrementalTask$1(Defaults.scala:2314)
[error] 	at scala.Function1.$anonfun$compose$1(Function1.scala:49)
[error] 	at sbt.internal.util.$tilde$greater.$anonfun$$u2219$1(TypeFunctions.scala:62)
[error] 	at sbt.std.Transform$$anon$4.work(Transform.scala:68)
[error] 	at sbt.Execute.$anonfun$submit$2(Execute.scala:282)
[error] 	at sbt.internal.util.ErrorHandling$.wideConvert(ErrorHandling.scala:23)
[error] 	at sbt.Execute.work(Execute.scala:291)
[error] 	at sbt.Execute.$anonfun$submit$1(Execute.scala:282)
[error] 	at sbt.ConcurrentRestrictions$$anon$4.$anonfun$submitValid$1(ConcurrentRestrictions.scala:265)
[error] 	at sbt.CompletionService$$anon$2.call(CompletionService.scala:64)
[error] 	at java.base/java.util.concurrent.FutureTask.run(FutureTask.java:264)
[error] 	at java.base/java.util.concurrent.Executors$RunnableAdapter.call(Executors.java:515)
[error] 	at java.base/java.util.concurrent.FutureTask.run(FutureTask.java:264)
[error] 	at java.base/java.util.concurrent.ThreadPoolExecutor.runWorker(ThreadPoolExecutor.java:1130)
[error] 	at java.base/java.util.concurrent.ThreadPoolExecutor$Worker.run(ThreadPoolExecutor.java:630)
[error] 	at java.base/java.lang.Thread.run(Thread.java:831)
[error] (Compile / compileIncremental) scala.reflect.internal.MissingRequirementError: object scala in compiler mirror not found.
[error] Total time: 0 s, completed 2022/01/30 12:35:44
[debug] > Exec(idea-shell, None, None)
